2024-04-04 23:57:36,599 - INFO - > Mode - train
2024-04-04 23:57:36,599 - INFO - > Config: model-vgg19, ckpt_use-False, ckpt_path-./checkpoint/resnet50_epoch100.ckpt, lr-0.001, batch_size-64, num_workers-8
2024-04-04 23:57:37,650 - INFO - > Found 12594 images (train)...
2024-04-04 23:57:37,652 - INFO - > Found 500 images (valid)...
2024-04-04 23:57:37,653 - INFO - > No using checkpoint
2024-04-04 23:59:57,438 - INFO - Epoch 1 > training loss: 0.0781, training acc: 0.0167, val loss: 0.0720, val acc: 0.0160, duration: 139.7848
2024-04-05 00:02:17,476 - INFO - Epoch 2 > training loss: 0.0677, training acc: 0.0284, val loss: 0.0713, val acc: 0.0180, duration: 140.0379
2024-04-05 00:04:37,468 - INFO - Epoch 3 > training loss: 0.0649, training acc: 0.0441, val loss: 0.0664, val acc: 0.0520, duration: 139.9921
2024-04-05 00:06:57,427 - INFO - Epoch 4 > training loss: 0.0614, training acc: 0.0609, val loss: 0.0595, val acc: 0.0880, duration: 139.9579
2024-04-05 00:09:17,540 - INFO - Epoch 5 > training loss: 0.0581, training acc: 0.0880, val loss: 0.0584, val acc: 0.0860, duration: 140.1132
2024-04-05 00:11:37,547 - INFO - Epoch 6 > training loss: 0.0551, training acc: 0.1209, val loss: 0.0571, val acc: 0.0960, duration: 140.0066
2024-04-05 00:13:57,630 - INFO - Epoch 7 > training loss: 0.0528, training acc: 0.1473, val loss: 0.0522, val acc: 0.1680, duration: 140.0823
2024-04-05 00:16:17,623 - INFO - Epoch 8 > training loss: 0.0502, training acc: 0.1729, val loss: 0.0535, val acc: 0.1360, duration: 139.9929
2024-04-05 00:18:37,602 - INFO - Epoch 9 > training loss: 0.0466, training acc: 0.2191, val loss: 0.0623, val acc: 0.1320, duration: 139.9785
2024-04-05 00:20:57,645 - INFO - Epoch 10 > training loss: 0.0446, training acc: 0.2424, val loss: 0.0536, val acc: 0.1740, duration: 140.0437
2024-04-05 00:23:17,686 - INFO - Epoch 11 > training loss: 0.0423, training acc: 0.2731, val loss: 0.0473, val acc: 0.2280, duration: 140.0407
2024-04-05 00:25:37,848 - INFO - Epoch 12 > training loss: 0.0406, training acc: 0.2988, val loss: 0.0391, val acc: 0.3300, duration: 140.1609
2024-04-05 00:27:58,039 - INFO - Epoch 13 > training loss: 0.0387, training acc: 0.3352, val loss: 0.0369, val acc: 0.3840, duration: 140.1914
2024-04-05 00:30:18,254 - INFO - Epoch 14 > training loss: 0.0372, training acc: 0.3476, val loss: 0.0408, val acc: 0.3260, duration: 140.2140
2024-04-05 00:32:38,757 - INFO - Epoch 15 > training loss: 0.0361, training acc: 0.3703, val loss: 0.0353, val acc: 0.3700, duration: 140.5027
2024-04-05 00:34:59,113 - INFO - Epoch 16 > training loss: 0.0347, training acc: 0.3899, val loss: 0.0332, val acc: 0.4040, duration: 140.3565
2024-04-05 00:37:19,417 - INFO - Epoch 17 > training loss: 0.0329, training acc: 0.4146, val loss: 0.0315, val acc: 0.4740, duration: 140.3035
2024-04-05 00:39:39,569 - INFO - Epoch 18 > training loss: 0.0319, training acc: 0.4338, val loss: 0.0463, val acc: 0.3160, duration: 140.1512
2024-04-05 00:41:59,625 - INFO - Epoch 19 > training loss: 0.0307, training acc: 0.4508, val loss: 0.0284, val acc: 0.4840, duration: 140.0565
2024-04-05 00:44:19,774 - INFO - Epoch 20 > training loss: 0.0297, training acc: 0.4624, val loss: 0.0268, val acc: 0.5080, duration: 140.1488
2024-04-05 00:44:21,864 - INFO - > Save the checkpoint in ./checkpoint/vgg19_epoch20.ckpt
2024-04-05 00:46:41,938 - INFO - Epoch 21 > training loss: 0.0288, training acc: 0.4763, val loss: 0.0290, val acc: 0.4820, duration: 140.0738
2024-04-05 00:49:02,096 - INFO - Epoch 22 > training loss: 0.0283, training acc: 0.4882, val loss: 0.0339, val acc: 0.4460, duration: 140.1580
2024-04-05 00:51:22,017 - INFO - Epoch 23 > training loss: 0.0276, training acc: 0.4981, val loss: 0.0249, val acc: 0.5720, duration: 139.9207
2024-04-05 00:53:42,329 - INFO - Epoch 24 > training loss: 0.0266, training acc: 0.5145, val loss: 0.0229, val acc: 0.5680, duration: 140.3119
2024-04-05 00:56:02,556 - INFO - Epoch 25 > training loss: 0.0263, training acc: 0.5168, val loss: 0.0306, val acc: 0.4780, duration: 140.2265
2024-04-05 00:58:22,809 - INFO - Epoch 26 > training loss: 0.0254, training acc: 0.5310, val loss: 0.0267, val acc: 0.5200, duration: 140.2534
2024-04-05 01:00:42,878 - INFO - Epoch 27 > training loss: 0.0247, training acc: 0.5495, val loss: 0.0293, val acc: 0.5000, duration: 140.0689
2024-04-05 01:03:02,905 - INFO - Epoch 28 > training loss: 0.0243, training acc: 0.5552, val loss: 0.0228, val acc: 0.6040, duration: 140.0266
2024-04-05 01:05:23,097 - INFO - Epoch 29 > training loss: 0.0235, training acc: 0.5653, val loss: 0.0247, val acc: 0.5680, duration: 140.1911
2024-04-05 01:07:43,163 - INFO - Epoch 30 > training loss: 0.0229, training acc: 0.5769, val loss: 0.0242, val acc: 0.5640, duration: 140.0661
2024-04-05 01:10:03,336 - INFO - Epoch 31 > training loss: 0.0226, training acc: 0.5768, val loss: 0.0213, val acc: 0.6240, duration: 140.1722
2024-04-05 01:12:23,487 - INFO - Epoch 32 > training loss: 0.0219, training acc: 0.5901, val loss: 0.0187, val acc: 0.6600, duration: 140.1515
2024-04-05 01:14:43,724 - INFO - Epoch 33 > training loss: 0.0215, training acc: 0.5974, val loss: 0.0205, val acc: 0.6260, duration: 140.2362
2024-04-05 01:17:03,878 - INFO - Epoch 34 > training loss: 0.0209, training acc: 0.6071, val loss: 0.0210, val acc: 0.6240, duration: 140.1544
2024-04-05 01:19:24,026 - INFO - Epoch 35 > training loss: 0.0204, training acc: 0.6165, val loss: 0.0182, val acc: 0.6820, duration: 140.1475
2024-04-05 01:21:44,065 - INFO - Epoch 36 > training loss: 0.0201, training acc: 0.6239, val loss: 0.0185, val acc: 0.6700, duration: 140.0387
2024-04-05 01:24:04,031 - INFO - Epoch 37 > training loss: 0.0194, training acc: 0.6320, val loss: 0.0176, val acc: 0.6840, duration: 139.9656
2024-04-05 01:26:24,199 - INFO - Epoch 38 > training loss: 0.0192, training acc: 0.6401, val loss: 0.0168, val acc: 0.6840, duration: 140.1673
2024-04-05 01:28:44,438 - INFO - Epoch 39 > training loss: 0.0189, training acc: 0.6454, val loss: 0.0186, val acc: 0.6880, duration: 140.2392
2024-04-05 01:31:04,708 - INFO - Epoch 40 > training loss: 0.0183, training acc: 0.6532, val loss: 0.0172, val acc: 0.7020, duration: 140.2699
2024-04-05 01:31:06,713 - INFO - > Save the checkpoint in ./checkpoint/vgg19_epoch40.ckpt
2024-04-05 01:33:26,789 - INFO - Epoch 41 > training loss: 0.0180, training acc: 0.6548, val loss: 0.0161, val acc: 0.7340, duration: 140.0759
2024-04-05 01:35:46,966 - INFO - Epoch 42 > training loss: 0.0175, training acc: 0.6648, val loss: 0.0153, val acc: 0.7200, duration: 140.1763
2024-04-05 01:38:07,012 - INFO - Epoch 43 > training loss: 0.0168, training acc: 0.6799, val loss: 0.0185, val acc: 0.7020, duration: 140.0459
2024-04-05 01:40:27,191 - INFO - Epoch 44 > training loss: 0.0168, training acc: 0.6879, val loss: 0.0149, val acc: 0.7320, duration: 140.1786
2024-04-05 01:42:47,170 - INFO - Epoch 45 > training loss: 0.0163, training acc: 0.6850, val loss: 0.0170, val acc: 0.7180, duration: 139.9788
2024-04-05 01:45:07,310 - INFO - Epoch 46 > training loss: 0.0162, training acc: 0.6911, val loss: 0.0144, val acc: 0.7440, duration: 140.1405
2024-04-05 01:47:27,467 - INFO - Epoch 47 > training loss: 0.0155, training acc: 0.7018, val loss: 0.0175, val acc: 0.7080, duration: 140.1559
2024-04-05 01:49:47,673 - INFO - Epoch 48 > training loss: 0.0156, training acc: 0.7093, val loss: 0.0156, val acc: 0.7200, duration: 140.2060
2024-04-05 01:52:07,649 - INFO - Epoch 49 > training loss: 0.0150, training acc: 0.7108, val loss: 0.0160, val acc: 0.7200, duration: 139.9760
2024-04-05 01:54:27,770 - INFO - Epoch 50 > training loss: 0.0149, training acc: 0.7130, val loss: 0.0147, val acc: 0.7620, duration: 140.1206
2024-04-05 01:54:28,450 - INFO - > Save the model weight at ./weight/vgg19_50.pt
2024-04-05 01:54:29,104 - INFO - > Save the best model weight in epoch 50 - val_acc: 0.7620
2024-04-05 01:54:29,189 - INFO - > Save the plot of the accuracy in ./log/vgg19_epoch50_acc.png
2024-04-05 01:56:49,350 - INFO - Epoch 51 > training loss: 0.0145, training acc: 0.7245, val loss: 0.0163, val acc: 0.7460, duration: 140.1608
2024-04-05 01:59:09,379 - INFO - Epoch 52 > training loss: 0.0141, training acc: 0.7316, val loss: 0.0160, val acc: 0.6860, duration: 140.0282
2024-04-05 02:01:29,436 - INFO - Epoch 53 > training loss: 0.0143, training acc: 0.7218, val loss: 0.0129, val acc: 0.7720, duration: 140.0561
2024-04-05 02:03:49,401 - INFO - Epoch 54 > training loss: 0.0134, training acc: 0.7407, val loss: 0.0131, val acc: 0.7740, duration: 139.9651
2024-04-05 02:06:09,611 - INFO - Epoch 55 > training loss: 0.0131, training acc: 0.7439, val loss: 0.0150, val acc: 0.7640, duration: 140.2094
2024-04-05 02:08:29,689 - INFO - Epoch 56 > training loss: 0.0128, training acc: 0.7562, val loss: 0.0152, val acc: 0.7460, duration: 140.0778
2024-04-05 02:10:49,728 - INFO - Epoch 57 > training loss: 0.0126, training acc: 0.7524, val loss: 0.0156, val acc: 0.7440, duration: 140.0390
2024-04-05 02:13:09,913 - INFO - Epoch 58 > training loss: 0.0127, training acc: 0.7545, val loss: 0.0138, val acc: 0.7560, duration: 140.1843
2024-04-05 02:15:30,130 - INFO - Epoch 59 > training loss: 0.0120, training acc: 0.7670, val loss: 0.0158, val acc: 0.7320, duration: 140.2168
2024-04-05 02:17:50,262 - INFO - Epoch 60 > training loss: 0.0120, training acc: 0.7650, val loss: 0.0149, val acc: 0.7260, duration: 140.1315
2024-04-05 02:17:52,253 - INFO - > Save the checkpoint in ./checkpoint/vgg19_epoch60.ckpt
2024-04-05 02:20:12,372 - INFO - Epoch 61 > training loss: 0.0117, training acc: 0.7728, val loss: 0.0117, val acc: 0.8100, duration: 140.1186
2024-04-05 02:22:32,505 - INFO - Epoch 62 > training loss: 0.0116, training acc: 0.7727, val loss: 0.0113, val acc: 0.8100, duration: 140.1327
2024-04-05 02:24:52,710 - INFO - Epoch 63 > training loss: 0.0112, training acc: 0.7816, val loss: 0.0123, val acc: 0.7720, duration: 140.2044
2024-04-05 02:27:12,853 - INFO - Epoch 64 > training loss: 0.0114, training acc: 0.7760, val loss: 0.0138, val acc: 0.7340, duration: 140.1434
2024-04-05 02:29:32,990 - INFO - Epoch 65 > training loss: 0.0107, training acc: 0.7862, val loss: 0.0124, val acc: 0.7880, duration: 140.1362
2024-04-05 02:31:53,315 - INFO - Epoch 66 > training loss: 0.0106, training acc: 0.7898, val loss: 0.0196, val acc: 0.6820, duration: 140.3249
2024-04-05 02:34:13,366 - INFO - Epoch 67 > training loss: 0.0103, training acc: 0.7966, val loss: 0.0145, val acc: 0.7540, duration: 140.0503
2024-04-05 02:36:33,479 - INFO - Epoch 68 > training loss: 0.0104, training acc: 0.7982, val loss: 0.0116, val acc: 0.8100, duration: 140.1133
2024-04-05 02:38:53,482 - INFO - Epoch 69 > training loss: 0.0102, training acc: 0.7986, val loss: 0.0129, val acc: 0.7740, duration: 140.0023
2024-04-05 02:41:13,614 - INFO - Epoch 70 > training loss: 0.0097, training acc: 0.8101, val loss: 0.0145, val acc: 0.7560, duration: 140.1317
2024-04-05 02:43:33,764 - INFO - Epoch 71 > training loss: 0.0099, training acc: 0.8044, val loss: 0.0104, val acc: 0.8200, duration: 140.1502
2024-04-05 02:45:53,898 - INFO - Epoch 72 > training loss: 0.0092, training acc: 0.8138, val loss: 0.0102, val acc: 0.8120, duration: 140.1334
2024-04-05 02:48:13,994 - INFO - Epoch 73 > training loss: 0.0096, training acc: 0.8078, val loss: 0.0110, val acc: 0.8040, duration: 140.0960
2024-04-05 02:50:34,095 - INFO - Epoch 74 > training loss: 0.0090, training acc: 0.8205, val loss: 0.0135, val acc: 0.7900, duration: 140.1002
2024-04-05 02:52:54,351 - INFO - Epoch 75 > training loss: 0.0089, training acc: 0.8220, val loss: 0.0113, val acc: 0.8040, duration: 140.2560
2024-04-05 02:55:14,528 - INFO - Epoch 76 > training loss: 0.0089, training acc: 0.8252, val loss: 0.0117, val acc: 0.8140, duration: 140.1766
2024-04-05 02:57:34,649 - INFO - Epoch 77 > training loss: 0.0087, training acc: 0.8285, val loss: 0.0118, val acc: 0.8200, duration: 140.1214
2024-04-05 02:59:54,810 - INFO - Epoch 78 > training loss: 0.0085, training acc: 0.8292, val loss: 0.0095, val acc: 0.8220, duration: 140.1602
2024-04-05 03:02:14,887 - INFO - Epoch 79 > training loss: 0.0083, training acc: 0.8364, val loss: 0.0118, val acc: 0.8100, duration: 140.0771
2024-04-05 03:04:34,878 - INFO - Epoch 80 > training loss: 0.0083, training acc: 0.8315, val loss: 0.0105, val acc: 0.8280, duration: 139.9902
2024-04-05 03:04:37,048 - INFO - > Save the checkpoint in ./checkpoint/vgg19_epoch80.ckpt
2024-04-05 03:06:57,459 - INFO - Epoch 81 > training loss: 0.0083, training acc: 0.8371, val loss: 0.0109, val acc: 0.8300, duration: 140.4115
2024-04-05 03:09:17,615 - INFO - Epoch 82 > training loss: 0.0080, training acc: 0.8382, val loss: 0.0102, val acc: 0.8440, duration: 140.1555
2024-04-05 03:11:37,802 - INFO - Epoch 83 > training loss: 0.0082, training acc: 0.8391, val loss: 0.0121, val acc: 0.8120, duration: 140.1871
2024-04-05 03:13:57,961 - INFO - Epoch 84 > training loss: 0.0078, training acc: 0.8421, val loss: 0.0115, val acc: 0.8240, duration: 140.1582
2024-04-05 03:16:18,126 - INFO - Epoch 85 > training loss: 0.0077, training acc: 0.8481, val loss: 0.0124, val acc: 0.8020, duration: 140.1646
2024-04-05 03:18:38,446 - INFO - Epoch 86 > training loss: 0.0073, training acc: 0.8525, val loss: 0.0113, val acc: 0.8360, duration: 140.3199
2024-04-05 03:20:58,560 - INFO - Epoch 87 > training loss: 0.0072, training acc: 0.8568, val loss: 0.0123, val acc: 0.8300, duration: 140.1143
2024-04-05 03:23:18,641 - INFO - Epoch 88 > training loss: 0.0070, training acc: 0.8582, val loss: 0.0131, val acc: 0.8080, duration: 140.0807
2024-04-05 03:25:38,861 - INFO - Epoch 89 > training loss: 0.0071, training acc: 0.8562, val loss: 0.0119, val acc: 0.8280, duration: 140.2189
2024-04-05 03:27:58,994 - INFO - Epoch 90 > training loss: 0.0069, training acc: 0.8609, val loss: 0.0109, val acc: 0.8360, duration: 140.1329
2024-04-05 03:30:19,053 - INFO - Epoch 91 > training loss: 0.0067, training acc: 0.8653, val loss: 0.0100, val acc: 0.8640, duration: 140.0590
2024-04-05 03:32:39,225 - INFO - Epoch 92 > training loss: 0.0067, training acc: 0.8646, val loss: 0.0107, val acc: 0.8400, duration: 140.1714
2024-04-05 03:34:59,302 - INFO - Epoch 93 > training loss: 0.0065, training acc: 0.8712, val loss: 0.0087, val acc: 0.8480, duration: 140.0769
2024-04-05 03:37:19,418 - INFO - Epoch 94 > training loss: 0.0065, training acc: 0.8664, val loss: 0.0098, val acc: 0.8460, duration: 140.1158
2024-04-05 03:39:39,619 - INFO - Epoch 95 > training loss: 0.0062, training acc: 0.8761, val loss: 0.0096, val acc: 0.8520, duration: 140.2008
2024-04-05 03:41:59,767 - INFO - Epoch 96 > training loss: 0.0063, training acc: 0.8721, val loss: 0.0109, val acc: 0.8360, duration: 140.1481
2024-04-05 03:44:20,002 - INFO - Epoch 97 > training loss: 0.0064, training acc: 0.8715, val loss: 0.0115, val acc: 0.8120, duration: 140.2343
2024-04-05 03:46:39,968 - INFO - Epoch 98 > training loss: 0.0059, training acc: 0.8823, val loss: 0.0103, val acc: 0.8380, duration: 139.9663
2024-04-05 03:49:00,075 - INFO - Epoch 99 > training loss: 0.0059, training acc: 0.8806, val loss: 0.0100, val acc: 0.8600, duration: 140.1068
2024-04-05 03:51:20,338 - INFO - Epoch 100 > training loss: 0.0058, training acc: 0.8855, val loss: 0.0122, val acc: 0.8460, duration: 140.2621
2024-04-05 03:51:21,028 - INFO - > Save the model weight at ./weight/vgg19_100.pt
2024-04-05 03:51:22,108 - INFO - > Save the best model weight in epoch 100 - val_acc: 0.8460
2024-04-05 03:51:22,176 - INFO - > Save the plot of the accuracy in ./log/vgg19_epoch100_acc.png
2024-04-05 03:51:24,162 - INFO - > Save the checkpoint in ./checkpoint/vgg19_epoch100.ckpt
2024-04-05 03:53:44,197 - INFO - Epoch 101 > training loss: 0.0056, training acc: 0.8855, val loss: 0.0118, val acc: 0.8280, duration: 140.0349
2024-04-05 03:56:04,468 - INFO - Epoch 102 > training loss: 0.0057, training acc: 0.8822, val loss: 0.0113, val acc: 0.8340, duration: 140.2707
2024-04-05 03:58:24,711 - INFO - Epoch 103 > training loss: 0.0055, training acc: 0.8876, val loss: 0.0125, val acc: 0.8340, duration: 140.2433
2024-04-05 04:00:44,876 - INFO - Epoch 104 > training loss: 0.0055, training acc: 0.8885, val loss: 0.0100, val acc: 0.8680, duration: 140.1642
2024-04-05 04:03:05,050 - INFO - Epoch 105 > training loss: 0.0053, training acc: 0.8935, val loss: 0.0108, val acc: 0.8520, duration: 140.1735
2024-04-05 04:05:25,197 - INFO - Epoch 106 > training loss: 0.0054, training acc: 0.8877, val loss: 0.0103, val acc: 0.8560, duration: 140.1475
2024-04-05 04:07:45,144 - INFO - Epoch 107 > training loss: 0.0054, training acc: 0.8892, val loss: 0.0134, val acc: 0.8180, duration: 139.9461
2024-04-05 04:10:05,412 - INFO - Epoch 108 > training loss: 0.0051, training acc: 0.8997, val loss: 0.0105, val acc: 0.8540, duration: 140.2675
2024-04-05 04:12:25,625 - INFO - Epoch 109 > training loss: 0.0049, training acc: 0.8988, val loss: 0.0124, val acc: 0.8280, duration: 140.2133
2024-04-05 04:14:46,075 - INFO - Epoch 110 > training loss: 0.0050, training acc: 0.8986, val loss: 0.0101, val acc: 0.8520, duration: 140.4499
2024-04-05 04:17:06,423 - INFO - Epoch 111 > training loss: 0.0049, training acc: 0.9006, val loss: 0.0109, val acc: 0.8420, duration: 140.3477
2024-04-05 04:19:26,760 - INFO - Epoch 112 > training loss: 0.0048, training acc: 0.9013, val loss: 0.0081, val acc: 0.8780, duration: 140.3366
2024-04-05 04:21:46,985 - INFO - Epoch 113 > training loss: 0.0049, training acc: 0.9019, val loss: 0.0102, val acc: 0.8560, duration: 140.2245
2024-04-05 04:24:07,198 - INFO - Epoch 114 > training loss: 0.0047, training acc: 0.9015, val loss: 0.0093, val acc: 0.8620, duration: 140.2131
2024-04-05 04:26:27,591 - INFO - Epoch 115 > training loss: 0.0047, training acc: 0.9069, val loss: 0.0088, val acc: 0.8820, duration: 140.3923
2024-04-05 04:28:47,925 - INFO - Epoch 116 > training loss: 0.0047, training acc: 0.9030, val loss: 0.0106, val acc: 0.8480, duration: 140.3337
2024-04-05 04:31:08,235 - INFO - Epoch 117 > training loss: 0.0046, training acc: 0.9076, val loss: 0.0098, val acc: 0.8580, duration: 140.3103
2024-04-05 04:33:28,475 - INFO - Epoch 118 > training loss: 0.0044, training acc: 0.9123, val loss: 0.0112, val acc: 0.8480, duration: 140.2400
2024-04-05 04:35:48,774 - INFO - Epoch 119 > training loss: 0.0041, training acc: 0.9177, val loss: 0.0092, val acc: 0.8800, duration: 140.2986
2024-04-05 04:38:08,874 - INFO - Epoch 120 > training loss: 0.0041, training acc: 0.9166, val loss: 0.0089, val acc: 0.8800, duration: 140.0996
2024-04-05 04:38:10,870 - INFO - > Save the checkpoint in ./checkpoint/vgg19_epoch120.ckpt
2024-04-05 04:40:30,985 - INFO - Epoch 121 > training loss: 0.0043, training acc: 0.9084, val loss: 0.0097, val acc: 0.8600, duration: 140.1148
2024-04-05 04:42:51,309 - INFO - Epoch 122 > training loss: 0.0040, training acc: 0.9161, val loss: 0.0101, val acc: 0.8780, duration: 140.3237
2024-04-05 04:45:11,671 - INFO - Epoch 123 > training loss: 0.0042, training acc: 0.9127, val loss: 0.0133, val acc: 0.8340, duration: 140.3618
2024-04-05 04:47:31,753 - INFO - Epoch 124 > training loss: 0.0046, training acc: 0.9089, val loss: 0.0099, val acc: 0.8580, duration: 140.0824
2024-04-05 04:49:51,984 - INFO - Epoch 125 > training loss: 0.0041, training acc: 0.9135, val loss: 0.0097, val acc: 0.8620, duration: 140.2305
2024-04-05 04:52:12,186 - INFO - Epoch 126 > training loss: 0.0037, training acc: 0.9239, val loss: 0.0108, val acc: 0.8720, duration: 140.2018
2024-04-05 04:54:32,357 - INFO - Epoch 127 > training loss: 0.0040, training acc: 0.9171, val loss: 0.0104, val acc: 0.8720, duration: 140.1702
2024-04-05 04:56:52,582 - INFO - Epoch 128 > training loss: 0.0037, training acc: 0.9247, val loss: 0.0101, val acc: 0.8520, duration: 140.2247
2024-04-05 04:59:12,818 - INFO - Epoch 129 > training loss: 0.0037, training acc: 0.9263, val loss: 0.0078, val acc: 0.8820, duration: 140.2363
2024-04-05 05:01:33,018 - INFO - Epoch 130 > training loss: 0.0037, training acc: 0.9249, val loss: 0.0086, val acc: 0.8900, duration: 140.1998
2024-04-05 05:03:53,249 - INFO - Epoch 131 > training loss: 0.0038, training acc: 0.9204, val loss: 0.0098, val acc: 0.8760, duration: 140.2303
2024-04-05 05:06:13,450 - INFO - Epoch 132 > training loss: 0.0041, training acc: 0.9163, val loss: 0.0101, val acc: 0.8740, duration: 140.2013
2024-04-05 05:08:33,775 - INFO - Epoch 133 > training loss: 0.0035, training acc: 0.9280, val loss: 0.0084, val acc: 0.8760, duration: 140.3243
2024-04-05 05:10:53,844 - INFO - Epoch 134 > training loss: 0.0035, training acc: 0.9258, val loss: 0.0094, val acc: 0.8660, duration: 140.0694
2024-04-05 05:13:14,015 - INFO - Epoch 135 > training loss: 0.0035, training acc: 0.9269, val loss: 0.0094, val acc: 0.8660, duration: 140.1708
2024-04-05 05:15:34,244 - INFO - Epoch 136 > training loss: 0.0033, training acc: 0.9321, val loss: 0.0110, val acc: 0.8640, duration: 140.2282
2024-04-05 05:17:54,434 - INFO - Epoch 137 > training loss: 0.0033, training acc: 0.9316, val loss: 0.0110, val acc: 0.8720, duration: 140.1904
2024-04-05 05:20:14,683 - INFO - Epoch 138 > training loss: 0.0032, training acc: 0.9308, val loss: 0.0080, val acc: 0.8940, duration: 140.2481
2024-04-05 05:22:35,028 - INFO - Epoch 139 > training loss: 0.0033, training acc: 0.9316, val loss: 0.0099, val acc: 0.8880, duration: 140.3452
2024-04-05 05:24:55,275 - INFO - Epoch 140 > training loss: 0.0035, training acc: 0.9273, val loss: 0.0127, val acc: 0.8520, duration: 140.2465
2024-04-05 05:24:57,351 - INFO - > Save the checkpoint in ./checkpoint/vgg19_epoch140.ckpt
2024-04-05 05:27:17,494 - INFO - Epoch 141 > training loss: 0.0031, training acc: 0.9374, val loss: 0.0121, val acc: 0.8560, duration: 140.1434
2024-04-05 05:29:37,658 - INFO - Epoch 142 > training loss: 0.0033, training acc: 0.9335, val loss: 0.0097, val acc: 0.8700, duration: 140.1636
2024-04-05 05:31:57,988 - INFO - Epoch 143 > training loss: 0.0031, training acc: 0.9368, val loss: 0.0105, val acc: 0.8700, duration: 140.3299
2024-04-05 05:34:18,086 - INFO - Epoch 144 > training loss: 0.0032, training acc: 0.9337, val loss: 0.0102, val acc: 0.8760, duration: 140.0976
2024-04-05 05:36:38,158 - INFO - Epoch 145 > training loss: 0.0033, training acc: 0.9314, val loss: 0.0102, val acc: 0.8760, duration: 140.0716
2024-04-05 05:38:58,379 - INFO - Epoch 146 > training loss: 0.0028, training acc: 0.9420, val loss: 0.0107, val acc: 0.8880, duration: 140.2213
2024-04-05 05:41:18,683 - INFO - Epoch 147 > training loss: 0.0030, training acc: 0.9372, val loss: 0.0100, val acc: 0.8800, duration: 140.3039
2024-04-05 05:43:38,941 - INFO - Epoch 148 > training loss: 0.0030, training acc: 0.9395, val loss: 0.0114, val acc: 0.8940, duration: 140.2575
2024-04-05 05:45:59,074 - INFO - Epoch 149 > training loss: 0.0030, training acc: 0.9379, val loss: 0.0122, val acc: 0.8540, duration: 140.1330
2024-04-05 05:48:19,337 - INFO - Epoch 150 > training loss: 0.0028, training acc: 0.9406, val loss: 0.0142, val acc: 0.8280, duration: 140.2624
2024-04-05 05:48:20,006 - INFO - > Save the model weight at ./weight/vgg19_150.pt
2024-04-05 05:48:20,086 - INFO - > Save the plot of the accuracy in ./log/vgg19_epoch150_acc.png
2024-04-05 05:50:40,391 - INFO - Epoch 151 > training loss: 0.0028, training acc: 0.9436, val loss: 0.0105, val acc: 0.8860, duration: 140.3052
2024-04-05 05:53:00,510 - INFO - Epoch 152 > training loss: 0.0027, training acc: 0.9439, val loss: 0.0118, val acc: 0.8740, duration: 140.1182
2024-04-05 05:55:20,698 - INFO - Epoch 153 > training loss: 0.0029, training acc: 0.9423, val loss: 0.0103, val acc: 0.8740, duration: 140.1881
2024-04-05 05:57:40,827 - INFO - Epoch 154 > training loss: 0.0027, training acc: 0.9423, val loss: 0.0100, val acc: 0.8720, duration: 140.1287
2024-04-05 06:00:01,420 - INFO - Epoch 155 > training loss: 0.0027, training acc: 0.9429, val loss: 0.0105, val acc: 0.8860, duration: 140.5926
2024-04-05 06:02:21,536 - INFO - Epoch 156 > training loss: 0.0026, training acc: 0.9479, val loss: 0.0082, val acc: 0.8920, duration: 140.1157
2024-04-05 06:04:41,729 - INFO - Epoch 157 > training loss: 0.0027, training acc: 0.9454, val loss: 0.0089, val acc: 0.8900, duration: 140.1928
2024-04-05 06:07:01,933 - INFO - Epoch 158 > training loss: 0.0027, training acc: 0.9467, val loss: 0.0101, val acc: 0.9020, duration: 140.2039
2024-04-05 06:09:22,267 - INFO - Epoch 159 > training loss: 0.0028, training acc: 0.9458, val loss: 0.0122, val acc: 0.8400, duration: 140.3338
2024-04-05 06:11:42,565 - INFO - Epoch 160 > training loss: 0.0025, training acc: 0.9499, val loss: 0.0097, val acc: 0.8860, duration: 140.2970
2024-04-05 06:11:44,603 - INFO - > Save the checkpoint in ./checkpoint/vgg19_epoch160.ckpt
2024-04-05 06:14:04,627 - INFO - Epoch 161 > training loss: 0.0026, training acc: 0.9474, val loss: 0.0119, val acc: 0.8720, duration: 140.0240
2024-04-05 06:16:24,900 - INFO - Epoch 162 > training loss: 0.0026, training acc: 0.9472, val loss: 0.0098, val acc: 0.8960, duration: 140.2721
2024-04-05 06:18:45,245 - INFO - Epoch 163 > training loss: 0.0025, training acc: 0.9500, val loss: 0.0105, val acc: 0.8980, duration: 140.3448
2024-04-05 06:21:05,431 - INFO - Epoch 164 > training loss: 0.0024, training acc: 0.9508, val loss: 0.0126, val acc: 0.8580, duration: 140.1862
2024-04-05 06:23:25,682 - INFO - Epoch 165 > training loss: 0.0028, training acc: 0.9446, val loss: 0.0083, val acc: 0.8900, duration: 140.2507
2024-04-05 06:25:45,887 - INFO - Epoch 166 > training loss: 0.0023, training acc: 0.9537, val loss: 0.0095, val acc: 0.8680, duration: 140.2046
2024-04-05 06:28:06,253 - INFO - Epoch 167 > training loss: 0.0025, training acc: 0.9505, val loss: 0.0101, val acc: 0.8800, duration: 140.3655
2024-04-05 06:30:26,515 - INFO - Epoch 168 > training loss: 0.0022, training acc: 0.9544, val loss: 0.0096, val acc: 0.8800, duration: 140.2616
2024-04-05 06:32:46,657 - INFO - Epoch 169 > training loss: 0.0025, training acc: 0.9478, val loss: 0.0118, val acc: 0.8820, duration: 140.1417
2024-04-05 06:35:06,833 - INFO - Epoch 170 > training loss: 0.0025, training acc: 0.9486, val loss: 0.0121, val acc: 0.8720, duration: 140.1758
2024-04-05 06:37:27,238 - INFO - Epoch 171 > training loss: 0.0021, training acc: 0.9551, val loss: 0.0093, val acc: 0.8780, duration: 140.4053
2024-04-05 06:39:47,506 - INFO - Epoch 172 > training loss: 0.0023, training acc: 0.9541, val loss: 0.0090, val acc: 0.8840, duration: 140.2674
2024-04-05 06:42:07,787 - INFO - Epoch 173 > training loss: 0.0024, training acc: 0.9514, val loss: 0.0095, val acc: 0.8660, duration: 140.2813
2024-04-05 06:44:28,091 - INFO - Epoch 174 > training loss: 0.0022, training acc: 0.9543, val loss: 0.0093, val acc: 0.8820, duration: 140.3033
2024-04-05 06:46:48,205 - INFO - Epoch 175 > training loss: 0.0022, training acc: 0.9544, val loss: 0.0115, val acc: 0.8820, duration: 140.1133
2024-04-05 06:49:08,357 - INFO - Epoch 176 > training loss: 0.0022, training acc: 0.9547, val loss: 0.0087, val acc: 0.8860, duration: 140.1518
2024-04-05 06:51:28,550 - INFO - Epoch 177 > training loss: 0.0022, training acc: 0.9574, val loss: 0.0122, val acc: 0.8680, duration: 140.1928
2024-04-05 06:53:48,854 - INFO - Epoch 178 > training loss: 0.0022, training acc: 0.9537, val loss: 0.0106, val acc: 0.8940, duration: 140.3043
2024-04-05 06:56:09,395 - INFO - Epoch 179 > training loss: 0.0020, training acc: 0.9585, val loss: 0.0082, val acc: 0.9120, duration: 140.5406
2024-04-05 06:58:29,883 - INFO - Epoch 180 > training loss: 0.0021, training acc: 0.9562, val loss: 0.0141, val acc: 0.8680, duration: 140.4880
2024-04-05 06:58:31,909 - INFO - > Save the checkpoint in ./checkpoint/vgg19_epoch180.ckpt
2024-04-05 07:00:52,190 - INFO - Epoch 181 > training loss: 0.0021, training acc: 0.9576, val loss: 0.0106, val acc: 0.8980, duration: 140.2807
2024-04-05 07:03:12,473 - INFO - Epoch 182 > training loss: 0.0022, training acc: 0.9562, val loss: 0.0098, val acc: 0.8860, duration: 140.2819
2024-04-05 07:05:32,925 - INFO - Epoch 183 > training loss: 0.0023, training acc: 0.9519, val loss: 0.0088, val acc: 0.8960, duration: 140.4526
2024-04-05 07:07:53,248 - INFO - Epoch 184 > training loss: 0.0020, training acc: 0.9602, val loss: 0.0102, val acc: 0.8880, duration: 140.3219
2024-04-05 07:10:13,591 - INFO - Epoch 185 > training loss: 0.0022, training acc: 0.9543, val loss: 0.0104, val acc: 0.8800, duration: 140.3437
2024-04-05 07:12:33,892 - INFO - Epoch 186 > training loss: 0.0019, training acc: 0.9611, val loss: 0.0101, val acc: 0.8920, duration: 140.3001
2024-04-05 07:14:54,204 - INFO - Epoch 187 > training loss: 0.0021, training acc: 0.9566, val loss: 0.0101, val acc: 0.8960, duration: 140.3120
2024-04-05 07:17:14,545 - INFO - Epoch 188 > training loss: 0.0022, training acc: 0.9558, val loss: 0.0118, val acc: 0.8740, duration: 140.3406
2024-04-05 07:19:34,932 - INFO - Epoch 189 > training loss: 0.0018, training acc: 0.9634, val loss: 0.0092, val acc: 0.9020, duration: 140.3866
2024-04-05 07:21:55,153 - INFO - Epoch 190 > training loss: 0.0018, training acc: 0.9621, val loss: 0.0110, val acc: 0.9060, duration: 140.2205
2024-04-05 07:24:15,559 - INFO - Epoch 191 > training loss: 0.0019, training acc: 0.9630, val loss: 0.0099, val acc: 0.9060, duration: 140.4056
2024-04-05 07:26:35,924 - INFO - Epoch 192 > training loss: 0.0019, training acc: 0.9630, val loss: 0.0105, val acc: 0.8900, duration: 140.3653
2024-04-05 07:28:56,361 - INFO - Epoch 193 > training loss: 0.0017, training acc: 0.9653, val loss: 0.0121, val acc: 0.8880, duration: 140.4361
2024-04-05 07:31:16,829 - INFO - Epoch 194 > training loss: 0.0020, training acc: 0.9600, val loss: 0.0110, val acc: 0.8920, duration: 140.4680
2024-04-05 07:33:37,275 - INFO - Epoch 195 > training loss: 0.0023, training acc: 0.9551, val loss: 0.0107, val acc: 0.9060, duration: 140.4463
2024-04-05 07:35:57,463 - INFO - Epoch 196 > training loss: 0.0018, training acc: 0.9632, val loss: 0.0121, val acc: 0.8800, duration: 140.1875
2024-04-05 07:38:17,875 - INFO - Epoch 197 > training loss: 0.0020, training acc: 0.9598, val loss: 0.0140, val acc: 0.8780, duration: 140.4114
2024-04-05 07:40:38,073 - INFO - Epoch 198 > training loss: 0.0019, training acc: 0.9614, val loss: 0.0104, val acc: 0.9000, duration: 140.1980
2024-04-05 07:42:58,494 - INFO - Epoch 199 > training loss: 0.0017, training acc: 0.9672, val loss: 0.0112, val acc: 0.8860, duration: 140.4205
2024-04-05 07:45:18,927 - INFO - Epoch 200 > training loss: 0.0018, training acc: 0.9633, val loss: 0.0123, val acc: 0.8880, duration: 140.4325
2024-04-05 07:45:19,625 - INFO - > Save the model weight at ./weight/vgg19_200.pt
2024-04-05 07:45:20,705 - INFO - > Save the best model weight in epoch 200 - val_acc: 0.8880
2024-04-05 07:45:20,848 - INFO - > Save the plot of the accuracy in ./log/vgg19_epoch200_acc.png
2024-04-05 07:45:23,112 - INFO - > Save the checkpoint in ./checkpoint/vgg19_epoch200.ckpt
2024-04-05 07:47:43,466 - INFO - Epoch 201 > training loss: 0.0016, training acc: 0.9673, val loss: 0.0121, val acc: 0.8860, duration: 140.3546
2024-04-05 07:50:03,792 - INFO - Epoch 202 > training loss: 0.0018, training acc: 0.9621, val loss: 0.0098, val acc: 0.8820, duration: 140.3249
2024-04-05 07:52:24,323 - INFO - Epoch 203 > training loss: 0.0018, training acc: 0.9628, val loss: 0.0104, val acc: 0.8960, duration: 140.5308
2024-04-05 07:54:44,602 - INFO - Epoch 204 > training loss: 0.0018, training acc: 0.9627, val loss: 0.0115, val acc: 0.8920, duration: 140.2795
2024-04-05 07:57:04,995 - INFO - Epoch 205 > training loss: 0.0018, training acc: 0.9642, val loss: 0.0100, val acc: 0.8980, duration: 140.3923
2024-04-05 07:59:25,508 - INFO - Epoch 206 > training loss: 0.0018, training acc: 0.9645, val loss: 0.0141, val acc: 0.8760, duration: 140.5128
2024-04-05 08:01:45,936 - INFO - Epoch 207 > training loss: 0.0018, training acc: 0.9642, val loss: 0.0107, val acc: 0.8920, duration: 140.4278
2024-04-05 08:04:06,579 - INFO - Epoch 208 > training loss: 0.0015, training acc: 0.9705, val loss: 0.0093, val acc: 0.9040, duration: 140.6429
2024-04-05 08:06:26,822 - INFO - Epoch 209 > training loss: 0.0018, training acc: 0.9660, val loss: 0.0107, val acc: 0.8880, duration: 140.2429
2024-04-05 08:08:47,365 - INFO - Epoch 210 > training loss: 0.0018, training acc: 0.9651, val loss: 0.0113, val acc: 0.8920, duration: 140.5425
2024-04-05 08:11:07,827 - INFO - Epoch 211 > training loss: 0.0018, training acc: 0.9659, val loss: 0.0095, val acc: 0.9140, duration: 140.4622
2024-04-05 08:13:28,390 - INFO - Epoch 212 > training loss: 0.0017, training acc: 0.9647, val loss: 0.0110, val acc: 0.8900, duration: 140.5623
2024-04-05 08:15:48,802 - INFO - Epoch 213 > training loss: 0.0017, training acc: 0.9666, val loss: 0.0104, val acc: 0.8860, duration: 140.4117
2024-04-05 08:18:09,325 - INFO - Epoch 214 > training loss: 0.0015, training acc: 0.9675, val loss: 0.0101, val acc: 0.8880, duration: 140.5227
2024-04-05 08:20:29,881 - INFO - Epoch 215 > training loss: 0.0019, training acc: 0.9611, val loss: 0.0123, val acc: 0.8880, duration: 140.5560
2024-04-05 08:22:50,329 - INFO - Epoch 216 > training loss: 0.0015, training acc: 0.9677, val loss: 0.0136, val acc: 0.8780, duration: 140.4474
2024-04-05 08:25:10,592 - INFO - Epoch 217 > training loss: 0.0016, training acc: 0.9673, val loss: 0.0102, val acc: 0.8940, duration: 140.2626
2024-04-05 08:27:31,147 - INFO - Epoch 218 > training loss: 0.0014, training acc: 0.9705, val loss: 0.0113, val acc: 0.9140, duration: 140.5555
2024-04-05 08:29:51,586 - INFO - Epoch 219 > training loss: 0.0016, training acc: 0.9683, val loss: 0.0108, val acc: 0.8960, duration: 140.4385
2024-04-05 08:32:12,210 - INFO - Epoch 220 > training loss: 0.0016, training acc: 0.9671, val loss: 0.0118, val acc: 0.9100, duration: 140.6232
2024-04-05 08:32:14,271 - INFO - > Save the checkpoint in ./checkpoint/vgg19_epoch220.ckpt
2024-04-05 08:34:34,636 - INFO - Epoch 221 > training loss: 0.0016, training acc: 0.9676, val loss: 0.0114, val acc: 0.8900, duration: 140.3645
2024-04-05 08:36:55,056 - INFO - Epoch 222 > training loss: 0.0016, training acc: 0.9675, val loss: 0.0133, val acc: 0.8860, duration: 140.4199
2024-04-05 08:39:15,514 - INFO - Epoch 223 > training loss: 0.0014, training acc: 0.9729, val loss: 0.0112, val acc: 0.8960, duration: 140.4575
2024-04-05 08:41:36,038 - INFO - Epoch 224 > training loss: 0.0016, training acc: 0.9656, val loss: 0.0127, val acc: 0.8780, duration: 140.5242
2024-04-05 08:43:56,368 - INFO - Epoch 225 > training loss: 0.0014, training acc: 0.9718, val loss: 0.0123, val acc: 0.8860, duration: 140.3293
2024-04-05 08:46:16,886 - INFO - Epoch 226 > training loss: 0.0017, training acc: 0.9674, val loss: 0.0125, val acc: 0.8940, duration: 140.5180
2024-04-05 08:48:37,475 - INFO - Epoch 227 > training loss: 0.0017, training acc: 0.9659, val loss: 0.0114, val acc: 0.8940, duration: 140.5891
2024-04-05 08:50:57,943 - INFO - Epoch 228 > training loss: 0.0015, training acc: 0.9719, val loss: 0.0114, val acc: 0.8940, duration: 140.4672
2024-04-05 08:53:18,535 - INFO - Epoch 229 > training loss: 0.0014, training acc: 0.9699, val loss: 0.0101, val acc: 0.9060, duration: 140.5922
2024-04-05 08:55:39,034 - INFO - Epoch 230 > training loss: 0.0016, training acc: 0.9677, val loss: 0.0099, val acc: 0.9000, duration: 140.4988
2024-04-05 08:57:59,555 - INFO - Epoch 231 > training loss: 0.0015, training acc: 0.9712, val loss: 0.0123, val acc: 0.8920, duration: 140.5207
2024-04-05 09:00:20,228 - INFO - Epoch 232 > training loss: 0.0017, training acc: 0.9672, val loss: 0.0105, val acc: 0.8940, duration: 140.6723
2024-04-05 09:02:40,744 - INFO - Epoch 233 > training loss: 0.0016, training acc: 0.9678, val loss: 0.0124, val acc: 0.9000, duration: 140.5160
2024-04-05 09:05:01,337 - INFO - Epoch 234 > training loss: 0.0014, training acc: 0.9705, val loss: 0.0126, val acc: 0.9020, duration: 140.5928
2024-04-05 09:07:21,785 - INFO - Epoch 235 > training loss: 0.0016, training acc: 0.9674, val loss: 0.0104, val acc: 0.9080, duration: 140.4475
2024-04-05 09:09:42,356 - INFO - Epoch 236 > training loss: 0.0015, training acc: 0.9715, val loss: 0.0136, val acc: 0.8800, duration: 140.5707
2024-04-05 09:12:02,883 - INFO - Epoch 237 > training loss: 0.0014, training acc: 0.9736, val loss: 0.0105, val acc: 0.9080, duration: 140.5264
2024-04-05 09:14:23,384 - INFO - Epoch 238 > training loss: 0.0014, training acc: 0.9735, val loss: 0.0115, val acc: 0.9120, duration: 140.5007
2024-04-05 09:16:43,818 - INFO - Epoch 239 > training loss: 0.0014, training acc: 0.9692, val loss: 0.0134, val acc: 0.8900, duration: 140.4337
2024-04-05 09:19:04,363 - INFO - Epoch 240 > training loss: 0.0014, training acc: 0.9715, val loss: 0.0103, val acc: 0.9040, duration: 140.5447
2024-04-05 09:19:06,498 - INFO - > Save the checkpoint in ./checkpoint/vgg19_epoch240.ckpt
2024-04-05 09:21:27,280 - INFO - Epoch 241 > training loss: 0.0016, training acc: 0.9682, val loss: 0.0116, val acc: 0.9200, duration: 140.7819
2024-04-05 09:23:47,832 - INFO - Epoch 242 > training loss: 0.0016, training acc: 0.9658, val loss: 0.0109, val acc: 0.8980, duration: 140.5515
2024-04-05 09:26:08,316 - INFO - Epoch 243 > training loss: 0.0017, training acc: 0.9664, val loss: 0.0098, val acc: 0.9060, duration: 140.4836
2024-04-05 09:28:28,850 - INFO - Epoch 244 > training loss: 0.0016, training acc: 0.9694, val loss: 0.0115, val acc: 0.8960, duration: 140.5336
2024-04-05 09:30:49,242 - INFO - Epoch 245 > training loss: 0.0015, training acc: 0.9704, val loss: 0.0115, val acc: 0.9020, duration: 140.3915
2024-04-05 09:33:09,796 - INFO - Epoch 246 > training loss: 0.0011, training acc: 0.9780, val loss: 0.0131, val acc: 0.9080, duration: 140.5537
2024-04-05 09:35:30,377 - INFO - Epoch 247 > training loss: 0.0014, training acc: 0.9726, val loss: 0.0118, val acc: 0.9040, duration: 140.5806
2024-04-05 09:37:50,771 - INFO - Epoch 248 > training loss: 0.0011, training acc: 0.9792, val loss: 0.0125, val acc: 0.9080, duration: 140.3938
2024-04-05 09:40:11,274 - INFO - Epoch 249 > training loss: 0.0011, training acc: 0.9785, val loss: 0.0159, val acc: 0.8760, duration: 140.5034
2024-04-05 09:42:31,794 - INFO - Epoch 250 > training loss: 0.0011, training acc: 0.9767, val loss: 0.0107, val acc: 0.8960, duration: 140.5192
2024-04-05 09:42:32,480 - INFO - > Save the model weight at ./weight/vgg19_250.pt
2024-04-05 09:42:33,566 - INFO - > Save the best model weight in epoch 250 - val_acc: 0.8960
2024-04-05 09:42:33,634 - INFO - > Save the plot of the accuracy in ./log/vgg19_epoch250_acc.png
2024-04-05 09:44:54,106 - INFO - Epoch 251 > training loss: 0.0012, training acc: 0.9768, val loss: 0.0106, val acc: 0.9100, duration: 140.4714
2024-04-05 09:47:14,709 - INFO - Epoch 252 > training loss: 0.0016, training acc: 0.9688, val loss: 0.0119, val acc: 0.9000, duration: 140.6024
2024-04-05 09:49:35,224 - INFO - Epoch 253 > training loss: 0.0017, training acc: 0.9690, val loss: 0.0099, val acc: 0.9140, duration: 140.5147
2024-04-05 09:51:55,794 - INFO - Epoch 254 > training loss: 0.0014, training acc: 0.9718, val loss: 0.0110, val acc: 0.8920, duration: 140.5702
2024-04-05 09:54:16,584 - INFO - Epoch 255 > training loss: 0.0013, training acc: 0.9739, val loss: 0.0096, val acc: 0.9260, duration: 140.7896
2024-04-05 09:56:37,041 - INFO - Epoch 256 > training loss: 0.0013, training acc: 0.9748, val loss: 0.0102, val acc: 0.9180, duration: 140.4566
2024-04-05 09:58:57,632 - INFO - Epoch 257 > training loss: 0.0012, training acc: 0.9771, val loss: 0.0110, val acc: 0.8900, duration: 140.5909
2024-04-05 10:01:18,065 - INFO - Epoch 258 > training loss: 0.0014, training acc: 0.9715, val loss: 0.0112, val acc: 0.8820, duration: 140.4323
2024-04-05 10:03:38,586 - INFO - Epoch 259 > training loss: 0.0014, training acc: 0.9713, val loss: 0.0095, val acc: 0.9080, duration: 140.5212
2024-04-05 10:05:59,278 - INFO - Epoch 260 > training loss: 0.0013, training acc: 0.9739, val loss: 0.0108, val acc: 0.9020, duration: 140.6913
2024-04-05 10:06:01,315 - INFO - > Save the checkpoint in ./checkpoint/vgg19_epoch260.ckpt
2024-04-05 10:08:21,759 - INFO - Epoch 261 > training loss: 0.0011, training acc: 0.9786, val loss: 0.0125, val acc: 0.8960, duration: 140.4434
2024-04-05 10:10:41,940 - INFO - Epoch 262 > training loss: 0.0014, training acc: 0.9726, val loss: 0.0109, val acc: 0.8980, duration: 140.1804
2024-04-05 10:13:01,598 - INFO - Epoch 263 > training loss: 0.0011, training acc: 0.9779, val loss: 0.0104, val acc: 0.9000, duration: 139.6579
2024-04-05 10:15:21,526 - INFO - Epoch 264 > training loss: 0.0011, training acc: 0.9797, val loss: 0.0117, val acc: 0.8940, duration: 139.9276
2024-04-05 10:17:41,238 - INFO - Epoch 265 > training loss: 0.0013, training acc: 0.9756, val loss: 0.0118, val acc: 0.9020, duration: 139.7119
2024-04-05 10:20:01,091 - INFO - Epoch 266 > training loss: 0.0015, training acc: 0.9709, val loss: 0.0124, val acc: 0.8880, duration: 139.8533
2024-04-05 10:22:20,943 - INFO - Epoch 267 > training loss: 0.0013, training acc: 0.9724, val loss: 0.0110, val acc: 0.9020, duration: 139.8514
2024-04-05 10:24:40,889 - INFO - Epoch 268 > training loss: 0.0012, training acc: 0.9760, val loss: 0.0125, val acc: 0.9100, duration: 139.9453
2024-04-05 10:27:00,639 - INFO - Epoch 269 > training loss: 0.0013, training acc: 0.9750, val loss: 0.0117, val acc: 0.9040, duration: 139.7499
2024-04-05 10:29:20,560 - INFO - Epoch 270 > training loss: 0.0012, training acc: 0.9745, val loss: 0.0116, val acc: 0.9020, duration: 139.9207
2024-04-05 10:31:40,336 - INFO - Epoch 271 > training loss: 0.0011, training acc: 0.9801, val loss: 0.0118, val acc: 0.9160, duration: 139.7758
2024-04-05 10:34:00,139 - INFO - Epoch 272 > training loss: 0.0011, training acc: 0.9773, val loss: 0.0116, val acc: 0.9140, duration: 139.8032
2024-04-05 10:36:19,843 - INFO - Epoch 273 > training loss: 0.0010, training acc: 0.9793, val loss: 0.0125, val acc: 0.9080, duration: 139.7033
2024-04-05 10:38:39,631 - INFO - Epoch 274 > training loss: 0.0011, training acc: 0.9767, val loss: 0.0108, val acc: 0.9120, duration: 139.7879
2024-04-05 10:40:59,388 - INFO - Epoch 275 > training loss: 0.0017, training acc: 0.9684, val loss: 0.0149, val acc: 0.8740, duration: 139.7565
2024-04-05 10:43:19,365 - INFO - Epoch 276 > training loss: 0.0015, training acc: 0.9715, val loss: 0.0116, val acc: 0.9020, duration: 139.9774
2024-04-05 10:45:39,160 - INFO - Epoch 277 > training loss: 0.0012, training acc: 0.9771, val loss: 0.0103, val acc: 0.9160, duration: 139.7942
2024-04-05 10:47:58,927 - INFO - Epoch 278 > training loss: 0.0010, training acc: 0.9814, val loss: 0.0133, val acc: 0.8920, duration: 139.7671
2024-04-05 10:50:18,719 - INFO - Epoch 279 > training loss: 0.0013, training acc: 0.9747, val loss: 0.0132, val acc: 0.9020, duration: 139.7913
2024-04-05 10:52:38,533 - INFO - Epoch 280 > training loss: 0.0012, training acc: 0.9765, val loss: 0.0119, val acc: 0.9120, duration: 139.8135
2024-04-05 10:52:40,573 - INFO - > Save the checkpoint in ./checkpoint/vgg19_epoch280.ckpt
2024-04-05 10:55:00,232 - INFO - Epoch 281 > training loss: 0.0011, training acc: 0.9772, val loss: 0.0146, val acc: 0.9080, duration: 139.6588
2024-04-05 10:57:19,818 - INFO - Epoch 282 > training loss: 0.0009, training acc: 0.9818, val loss: 0.0104, val acc: 0.9040, duration: 139.5857
2024-04-05 10:59:39,625 - INFO - Epoch 283 > training loss: 0.0009, training acc: 0.9825, val loss: 0.0148, val acc: 0.9000, duration: 139.8075
2024-04-05 11:01:59,515 - INFO - Epoch 284 > training loss: 0.0012, training acc: 0.9778, val loss: 0.0138, val acc: 0.8840, duration: 139.8894
2024-04-05 11:04:19,311 - INFO - Epoch 285 > training loss: 0.0013, training acc: 0.9747, val loss: 0.0124, val acc: 0.8880, duration: 139.7956
2024-04-05 11:06:38,999 - INFO - Epoch 286 > training loss: 0.0014, training acc: 0.9732, val loss: 0.0125, val acc: 0.8980, duration: 139.6883
2024-04-05 11:08:58,592 - INFO - Epoch 287 > training loss: 0.0011, training acc: 0.9782, val loss: 0.0133, val acc: 0.9060, duration: 139.5922
2024-04-05 11:11:18,364 - INFO - Epoch 288 > training loss: 0.0011, training acc: 0.9782, val loss: 0.0133, val acc: 0.9080, duration: 139.7722
2024-04-05 11:13:38,256 - INFO - Epoch 289 > training loss: 0.0010, training acc: 0.9780, val loss: 0.0130, val acc: 0.8960, duration: 139.8911
2024-04-05 11:15:57,921 - INFO - Epoch 290 > training loss: 0.0012, training acc: 0.9767, val loss: 0.0115, val acc: 0.9000, duration: 139.6650
2024-04-05 11:18:17,651 - INFO - Epoch 291 > training loss: 0.0011, training acc: 0.9790, val loss: 0.0131, val acc: 0.8940, duration: 139.7300
2024-04-05 11:20:37,445 - INFO - Epoch 292 > training loss: 0.0012, training acc: 0.9755, val loss: 0.0139, val acc: 0.9100, duration: 139.7934
2024-04-05 11:22:57,433 - INFO - Epoch 293 > training loss: 0.0010, training acc: 0.9796, val loss: 0.0099, val acc: 0.9160, duration: 139.9877
2024-04-05 11:25:17,245 - INFO - Epoch 294 > training loss: 0.0011, training acc: 0.9782, val loss: 0.0127, val acc: 0.9000, duration: 139.8122
2024-04-05 11:27:37,116 - INFO - Epoch 295 > training loss: 0.0010, training acc: 0.9804, val loss: 0.0130, val acc: 0.9160, duration: 139.8703
2024-04-05 11:29:56,773 - INFO - Epoch 296 > training loss: 0.0010, training acc: 0.9800, val loss: 0.0142, val acc: 0.9100, duration: 139.6566
2024-04-05 11:32:16,447 - INFO - Epoch 297 > training loss: 0.0010, training acc: 0.9785, val loss: 0.0152, val acc: 0.9020, duration: 139.6742
2024-04-05 11:34:36,247 - INFO - Epoch 298 > training loss: 0.0013, training acc: 0.9751, val loss: 0.0108, val acc: 0.9140, duration: 139.7996
2024-04-05 11:36:55,966 - INFO - Epoch 299 > training loss: 0.0010, training acc: 0.9787, val loss: 0.0174, val acc: 0.8780, duration: 139.7194
2024-04-05 11:39:15,726 - INFO - Epoch 300 > training loss: 0.0013, training acc: 0.9751, val loss: 0.0139, val acc: 0.9060, duration: 139.7592
2024-04-05 11:39:16,393 - INFO - > Save the model weight at ./weight/vgg19_300.pt
2024-04-05 11:39:17,471 - INFO - > Save the best model weight in epoch 300 - val_acc: 0.9060
2024-04-05 11:39:17,550 - INFO - > Save the plot of the accuracy in ./log/vgg19_epoch300_acc.png
2024-04-05 11:39:19,549 - INFO - > Save the checkpoint in ./checkpoint/vgg19_epoch300.ckpt
2024-04-05 11:41:39,393 - INFO - Epoch 301 > training loss: 0.0010, training acc: 0.9806, val loss: 0.0128, val acc: 0.9020, duration: 139.8432
2024-04-05 11:43:59,326 - INFO - Epoch 302 > training loss: 0.0009, training acc: 0.9818, val loss: 0.0116, val acc: 0.9160, duration: 139.9330
2024-04-05 11:46:19,142 - INFO - Epoch 303 > training loss: 0.0013, training acc: 0.9763, val loss: 0.0125, val acc: 0.9180, duration: 139.8154
2024-04-05 11:48:38,878 - INFO - Epoch 304 > training loss: 0.0011, training acc: 0.9781, val loss: 0.0110, val acc: 0.9240, duration: 139.7362
2024-04-05 11:50:58,742 - INFO - Epoch 305 > training loss: 0.0010, training acc: 0.9800, val loss: 0.0125, val acc: 0.8980, duration: 139.8641
2024-04-05 11:52:26,911 - INFO - > Mode - test
2024-04-05 11:52:26,911 - INFO - > Config: model-vgg19, weight-./weight/best_vgg19.pt
2024-04-05 11:52:27,900 - INFO - > Found 500 images (test)...
2024-04-05 11:52:30,421 - INFO - > Testing Loss - 0.008790
2024-04-05 11:52:30,421 - INFO - > Testing Accuracy - 454/500 = 0.908000 = 90.8%
2024-04-09 17:32:12,106 - INFO - > Mode - train
2024-04-09 17:32:12,106 - INFO - > Config: model-vgg19, ckpt_use-False, ckpt_path-./checkpoint/resnet50_epoch100.ckpt, lr-0.001, batch_size-64, num_workers-8
2024-04-09 17:32:13,089 - INFO - > Found 12594 images (train)...
2024-04-09 17:32:13,091 - INFO - > Found 500 images (valid)...
2024-04-09 17:32:13,091 - INFO - > No using checkpoint
2024-04-09 17:33:02,846 - INFO - > Mode - train
2024-04-09 17:33:02,846 - INFO - > Config: model-resnet50, ckpt_use-False, ckpt_path-./checkpoint/resnet50_epoch100.ckpt, lr-0.001, batch_size-64, num_workers-8
2024-04-09 17:33:03,132 - INFO - > Found 12594 images (train)...
2024-04-09 17:33:03,134 - INFO - > Found 500 images (valid)...
2024-04-09 17:33:03,134 - INFO - > No using checkpoint
2024-04-09 17:34:15,979 - INFO - Epoch 1 > training loss: 0.0727, training acc: 0.0213, val loss: 0.0670, val acc: 0.0400, duration: 72.8438
2024-04-09 17:34:32,128 - INFO - Epoch 1 > training loss: 0.0814, training acc: 0.0133, val loss: 0.0726, val acc: 0.0220, duration: 139.0372
2024-04-09 17:36:51,207 - INFO - Epoch 2 > training loss: 0.0716, training acc: 0.0159, val loss: 0.0718, val acc: 0.0200, duration: 139.0786
2024-04-09 17:39:10,721 - INFO - Epoch 3 > training loss: 0.0713, training acc: 0.0180, val loss: 0.0710, val acc: 0.0280, duration: 139.5133
2024-04-09 17:41:30,142 - INFO - Epoch 4 > training loss: 0.0711, training acc: 0.0195, val loss: 0.0710, val acc: 0.0180, duration: 139.4208
2024-04-09 17:43:49,703 - INFO - Epoch 5 > training loss: 0.0704, training acc: 0.0212, val loss: 0.0692, val acc: 0.0220, duration: 139.5609
2024-04-09 17:46:09,459 - INFO - Epoch 6 > training loss: 0.0687, training acc: 0.0246, val loss: 0.0682, val acc: 0.0280, duration: 139.7563
2024-04-09 17:48:29,193 - INFO - Epoch 7 > training loss: 0.0675, training acc: 0.0303, val loss: 0.0660, val acc: 0.0300, duration: 139.7328
2024-04-09 17:50:49,256 - INFO - Epoch 8 > training loss: 0.0671, training acc: 0.0352, val loss: 0.0669, val acc: 0.0380, duration: 140.0632
2024-04-09 17:53:09,067 - INFO - Epoch 9 > training loss: 0.0661, training acc: 0.0364, val loss: 0.0668, val acc: 0.0380, duration: 139.8110
2024-04-09 17:55:29,118 - INFO - Epoch 10 > training loss: 0.0654, training acc: 0.0461, val loss: 0.0676, val acc: 0.0380, duration: 140.0502
2024-04-09 17:57:48,953 - INFO - Epoch 11 > training loss: 0.0645, training acc: 0.0505, val loss: 0.0657, val acc: 0.0520, duration: 139.8351
2024-04-09 18:00:08,820 - INFO - Epoch 12 > training loss: 0.0630, training acc: 0.0614, val loss: 0.0632, val acc: 0.0600, duration: 139.8667
2024-04-09 18:02:28,692 - INFO - Epoch 13 > training loss: 0.0623, training acc: 0.0638, val loss: 0.0621, val acc: 0.0600, duration: 139.8715
2024-04-09 18:04:48,654 - INFO - Epoch 14 > training loss: 0.0621, training acc: 0.0688, val loss: 0.0607, val acc: 0.0700, duration: 139.9617
2024-04-09 18:07:08,729 - INFO - Epoch 15 > training loss: 0.0614, training acc: 0.0684, val loss: 0.0614, val acc: 0.0700, duration: 140.0745
2024-04-09 18:09:28,642 - INFO - Epoch 16 > training loss: 0.0608, training acc: 0.0727, val loss: 0.0605, val acc: 0.0780, duration: 139.9136
2024-04-09 18:11:48,438 - INFO - Epoch 17 > training loss: 0.0603, training acc: 0.0791, val loss: 0.0584, val acc: 0.0920, duration: 139.7951
2024-04-09 18:14:08,389 - INFO - Epoch 18 > training loss: 0.0607, training acc: 0.0750, val loss: 0.0587, val acc: 0.0820, duration: 139.9512
2024-04-09 18:16:28,291 - INFO - Epoch 19 > training loss: 0.0597, training acc: 0.0796, val loss: 0.0583, val acc: 0.0860, duration: 139.9019
2024-04-09 18:18:48,283 - INFO - Epoch 20 > training loss: 0.0593, training acc: 0.0850, val loss: 0.0596, val acc: 0.0800, duration: 139.9917
2024-04-09 18:18:50,249 - INFO - > Save the checkpoint in ./checkpoint/vgg19_epoch20.ckpt
2024-04-09 18:21:10,047 - INFO - Epoch 21 > training loss: 0.0585, training acc: 0.0890, val loss: 0.0568, val acc: 0.1080, duration: 139.7987
2024-04-09 18:23:30,092 - INFO - Epoch 22 > training loss: 0.0586, training acc: 0.0854, val loss: 0.0595, val acc: 0.0700, duration: 140.0438
2024-04-09 18:25:50,183 - INFO - Epoch 23 > training loss: 0.0574, training acc: 0.0945, val loss: 0.0581, val acc: 0.0980, duration: 140.0909
2024-04-09 18:28:10,001 - INFO - Epoch 24 > training loss: 0.0568, training acc: 0.0984, val loss: 0.0614, val acc: 0.0660, duration: 139.8184
2024-04-09 18:30:30,080 - INFO - Epoch 25 > training loss: 0.0562, training acc: 0.1000, val loss: 0.0550, val acc: 0.1080, duration: 140.0780
2024-04-09 18:32:50,134 - INFO - Epoch 26 > training loss: 0.0546, training acc: 0.1125, val loss: 0.0552, val acc: 0.1140, duration: 140.0545
2024-04-09 18:35:10,037 - INFO - Epoch 27 > training loss: 0.0530, training acc: 0.1193, val loss: 0.0530, val acc: 0.1260, duration: 139.9024
2024-04-09 18:37:30,168 - INFO - Epoch 28 > training loss: 0.0520, training acc: 0.1310, val loss: 0.0502, val acc: 0.1780, duration: 140.1304
2024-04-09 18:39:50,631 - INFO - Epoch 29 > training loss: 0.0510, training acc: 0.1381, val loss: 0.0503, val acc: 0.1340, duration: 140.4627
2024-04-09 18:42:10,755 - INFO - Epoch 30 > training loss: 0.0498, training acc: 0.1463, val loss: 0.0518, val acc: 0.1420, duration: 140.1240
2024-04-09 18:44:30,568 - INFO - Epoch 31 > training loss: 0.0490, training acc: 0.1581, val loss: 0.0506, val acc: 0.1500, duration: 139.8129
2024-04-09 18:46:50,667 - INFO - Epoch 32 > training loss: 0.0479, training acc: 0.1675, val loss: 0.0483, val acc: 0.1400, duration: 140.0984
2024-04-09 18:49:10,578 - INFO - Epoch 33 > training loss: 0.0472, training acc: 0.1802, val loss: 0.0442, val acc: 0.2480, duration: 139.9110
2024-04-09 18:51:30,533 - INFO - Epoch 34 > training loss: 0.0468, training acc: 0.1816, val loss: 0.0445, val acc: 0.2080, duration: 139.9542
2024-04-09 18:53:50,508 - INFO - Epoch 35 > training loss: 0.0462, training acc: 0.1910, val loss: 0.0434, val acc: 0.2420, duration: 139.9757
2024-04-09 18:56:10,361 - INFO - Epoch 36 > training loss: 0.0454, training acc: 0.2053, val loss: 0.0447, val acc: 0.2240, duration: 139.8524
2024-04-09 18:58:30,265 - INFO - Epoch 37 > training loss: 0.0445, training acc: 0.2141, val loss: 0.0449, val acc: 0.2320, duration: 139.9035
2024-04-09 19:00:50,318 - INFO - Epoch 38 > training loss: 0.0441, training acc: 0.2207, val loss: 0.0444, val acc: 0.2320, duration: 140.0530
2024-04-09 19:03:10,204 - INFO - Epoch 39 > training loss: 0.0435, training acc: 0.2292, val loss: 0.0418, val acc: 0.2420, duration: 139.8856
2024-04-09 19:05:30,202 - INFO - Epoch 40 > training loss: 0.0426, training acc: 0.2405, val loss: 0.0423, val acc: 0.2680, duration: 139.9982
2024-04-09 19:05:32,159 - INFO - > Save the checkpoint in ./checkpoint/vgg19_epoch40.ckpt
2024-04-09 19:07:51,791 - INFO - Epoch 41 > training loss: 0.0422, training acc: 0.2450, val loss: 0.0400, val acc: 0.2660, duration: 139.6323
2024-04-09 19:10:11,792 - INFO - Epoch 42 > training loss: 0.0416, training acc: 0.2578, val loss: 0.0394, val acc: 0.2720, duration: 140.0004
2024-04-09 19:12:31,694 - INFO - Epoch 43 > training loss: 0.0410, training acc: 0.2668, val loss: 0.0392, val acc: 0.2720, duration: 139.9023
2024-04-09 19:14:51,503 - INFO - Epoch 44 > training loss: 0.0402, training acc: 0.2756, val loss: 0.0388, val acc: 0.2840, duration: 139.8082
2024-04-09 19:17:11,573 - INFO - Epoch 45 > training loss: 0.0396, training acc: 0.2874, val loss: 0.0374, val acc: 0.2980, duration: 140.0698
2024-04-09 19:19:31,471 - INFO - Epoch 46 > training loss: 0.0392, training acc: 0.2901, val loss: 0.0392, val acc: 0.2900, duration: 139.8985
2024-04-09 19:21:51,394 - INFO - Epoch 47 > training loss: 0.0385, training acc: 0.3090, val loss: 0.0387, val acc: 0.2980, duration: 139.9226
2024-04-09 19:24:11,399 - INFO - Epoch 48 > training loss: 0.0381, training acc: 0.3066, val loss: 0.0366, val acc: 0.3160, duration: 140.0042
2024-04-09 19:26:31,285 - INFO - Epoch 49 > training loss: 0.0376, training acc: 0.3185, val loss: 0.0376, val acc: 0.3220, duration: 139.8860
2024-04-09 19:28:51,304 - INFO - Epoch 50 > training loss: 0.0368, training acc: 0.3275, val loss: 0.0387, val acc: 0.3420, duration: 140.0186
2024-04-09 19:28:51,950 - INFO - > Save the model weight at ./weight/vgg19_50.pt
2024-04-09 19:28:53,005 - INFO - > Save the best model weight in epoch 50 - val_acc: 0.3420
2024-04-09 19:28:53,089 - INFO - > Save the plot of the accuracy in ./log/vgg19_epoch50_acc.png
2024-04-09 19:31:13,041 - INFO - Epoch 51 > training loss: 0.0362, training acc: 0.3367, val loss: 0.0356, val acc: 0.3500, duration: 139.9521
2024-04-09 19:33:33,113 - INFO - Epoch 52 > training loss: 0.0359, training acc: 0.3459, val loss: 0.0331, val acc: 0.3940, duration: 140.0717
2024-04-09 19:35:53,263 - INFO - Epoch 53 > training loss: 0.0351, training acc: 0.3573, val loss: 0.0361, val acc: 0.3100, duration: 140.1499
2024-04-09 19:38:13,299 - INFO - Epoch 54 > training loss: 0.0345, training acc: 0.3632, val loss: 0.0363, val acc: 0.3360, duration: 140.0356
2024-04-09 19:40:32,960 - INFO - Epoch 55 > training loss: 0.0341, training acc: 0.3697, val loss: 0.0339, val acc: 0.3500, duration: 139.6610
2024-04-09 19:42:52,158 - INFO - Epoch 56 > training loss: 0.0339, training acc: 0.3771, val loss: 0.0312, val acc: 0.3980, duration: 139.1977
2024-04-09 19:45:11,281 - INFO - Epoch 57 > training loss: 0.0333, training acc: 0.3856, val loss: 0.0296, val acc: 0.4320, duration: 139.1224
2024-04-09 19:47:30,293 - INFO - Epoch 58 > training loss: 0.0324, training acc: 0.3964, val loss: 0.0326, val acc: 0.4160, duration: 139.0122
2024-04-09 19:49:49,507 - INFO - Epoch 59 > training loss: 0.0323, training acc: 0.4017, val loss: 0.0322, val acc: 0.4000, duration: 139.2132
2024-04-09 19:52:08,496 - INFO - Epoch 60 > training loss: 0.0321, training acc: 0.4069, val loss: 0.0296, val acc: 0.4600, duration: 138.9886
2024-04-09 19:52:10,456 - INFO - > Save the checkpoint in ./checkpoint/vgg19_epoch60.ckpt
2024-04-09 19:54:29,448 - INFO - Epoch 61 > training loss: 0.0311, training acc: 0.4217, val loss: 0.0320, val acc: 0.3940, duration: 138.9911
2024-04-09 19:56:48,504 - INFO - Epoch 62 > training loss: 0.0311, training acc: 0.4177, val loss: 0.0280, val acc: 0.4680, duration: 139.0562
2024-04-09 19:59:07,621 - INFO - Epoch 63 > training loss: 0.0304, training acc: 0.4358, val loss: 0.0287, val acc: 0.4500, duration: 139.1167
2024-04-09 20:01:26,573 - INFO - Epoch 64 > training loss: 0.0302, training acc: 0.4434, val loss: 0.0281, val acc: 0.4920, duration: 138.9519
2024-04-09 20:03:45,523 - INFO - Epoch 65 > training loss: 0.0298, training acc: 0.4444, val loss: 0.0273, val acc: 0.4600, duration: 138.9499
2024-04-09 20:06:04,538 - INFO - Epoch 66 > training loss: 0.0293, training acc: 0.4540, val loss: 0.0271, val acc: 0.5160, duration: 139.0144
2024-04-09 20:08:23,599 - INFO - Epoch 67 > training loss: 0.0289, training acc: 0.4602, val loss: 0.0260, val acc: 0.5120, duration: 139.0609
2024-04-09 20:10:42,734 - INFO - Epoch 68 > training loss: 0.0286, training acc: 0.4645, val loss: 0.0261, val acc: 0.5080, duration: 139.1348
2024-04-09 20:13:01,941 - INFO - Epoch 69 > training loss: 0.0281, training acc: 0.4783, val loss: 0.0277, val acc: 0.4780, duration: 139.2067
2024-04-09 20:15:21,149 - INFO - Epoch 70 > training loss: 0.0279, training acc: 0.4829, val loss: 0.0244, val acc: 0.5220, duration: 139.2079
2024-04-09 20:17:40,364 - INFO - Epoch 71 > training loss: 0.0274, training acc: 0.4831, val loss: 0.0264, val acc: 0.5040, duration: 139.2147
2024-04-09 20:19:59,526 - INFO - Epoch 72 > training loss: 0.0271, training acc: 0.4917, val loss: 0.0277, val acc: 0.4680, duration: 139.1612
2024-04-09 20:22:18,687 - INFO - Epoch 73 > training loss: 0.0264, training acc: 0.5032, val loss: 0.0235, val acc: 0.5660, duration: 139.1612
2024-04-09 20:24:37,829 - INFO - Epoch 74 > training loss: 0.0261, training acc: 0.5129, val loss: 0.0248, val acc: 0.5280, duration: 139.1418
2024-04-09 20:26:56,946 - INFO - Epoch 75 > training loss: 0.0258, training acc: 0.5246, val loss: 0.0285, val acc: 0.4780, duration: 139.1169
2024-04-09 20:29:16,077 - INFO - Epoch 76 > training loss: 0.0255, training acc: 0.5264, val loss: 0.0237, val acc: 0.5620, duration: 139.1299
2024-04-09 20:31:35,238 - INFO - Epoch 77 > training loss: 0.0247, training acc: 0.5391, val loss: 0.0221, val acc: 0.5740, duration: 139.1614
2024-04-09 20:33:54,093 - INFO - Epoch 78 > training loss: 0.0239, training acc: 0.5557, val loss: 0.0223, val acc: 0.5780, duration: 138.8548
2024-04-09 20:36:13,263 - INFO - Epoch 79 > training loss: 0.0236, training acc: 0.5614, val loss: 0.0260, val acc: 0.5540, duration: 139.1691
2024-04-09 20:38:32,191 - INFO - Epoch 80 > training loss: 0.0231, training acc: 0.5688, val loss: 0.0274, val acc: 0.5200, duration: 138.9276
2024-04-09 20:38:34,112 - INFO - > Save the checkpoint in ./checkpoint/vgg19_epoch80.ckpt
2024-04-09 20:40:53,040 - INFO - Epoch 81 > training loss: 0.0229, training acc: 0.5750, val loss: 0.0218, val acc: 0.5840, duration: 138.9269
2024-04-09 20:43:12,173 - INFO - Epoch 82 > training loss: 0.0218, training acc: 0.5949, val loss: 0.0209, val acc: 0.6140, duration: 139.1331
2024-04-09 20:45:31,096 - INFO - Epoch 83 > training loss: 0.0215, training acc: 0.6054, val loss: 0.0195, val acc: 0.6260, duration: 138.9230
2024-04-09 20:47:50,037 - INFO - Epoch 84 > training loss: 0.0206, training acc: 0.6143, val loss: 0.0192, val acc: 0.6520, duration: 138.9409
2024-04-09 20:50:09,036 - INFO - Epoch 85 > training loss: 0.0199, training acc: 0.6328, val loss: 0.0188, val acc: 0.6680, duration: 138.9984
2024-04-09 20:52:28,262 - INFO - Epoch 86 > training loss: 0.0190, training acc: 0.6495, val loss: 0.0202, val acc: 0.6520, duration: 139.2260
2024-04-09 20:54:47,229 - INFO - Epoch 87 > training loss: 0.0189, training acc: 0.6547, val loss: 0.0175, val acc: 0.6980, duration: 138.9670
2024-04-09 20:57:06,251 - INFO - Epoch 88 > training loss: 0.0177, training acc: 0.6814, val loss: 0.0165, val acc: 0.6920, duration: 139.0211
2024-04-09 20:59:25,417 - INFO - Epoch 89 > training loss: 0.0176, training acc: 0.6761, val loss: 0.0162, val acc: 0.7040, duration: 139.1662
2024-04-09 21:01:44,417 - INFO - Epoch 90 > training loss: 0.0171, training acc: 0.6909, val loss: 0.0158, val acc: 0.7180, duration: 138.9991
2024-04-09 21:04:03,641 - INFO - Epoch 91 > training loss: 0.0163, training acc: 0.7010, val loss: 0.0163, val acc: 0.7160, duration: 139.2241
2024-04-09 21:06:22,797 - INFO - Epoch 92 > training loss: 0.0160, training acc: 0.7065, val loss: 0.0169, val acc: 0.7180, duration: 139.1559
2024-04-09 21:08:41,900 - INFO - Epoch 93 > training loss: 0.0153, training acc: 0.7175, val loss: 0.0154, val acc: 0.7280, duration: 139.1029
2024-04-09 21:11:00,834 - INFO - Epoch 94 > training loss: 0.0153, training acc: 0.7178, val loss: 0.0129, val acc: 0.7680, duration: 138.9335
2024-04-09 21:13:19,806 - INFO - Epoch 95 > training loss: 0.0146, training acc: 0.7298, val loss: 0.0150, val acc: 0.7560, duration: 138.9716
2024-04-09 21:15:39,005 - INFO - Epoch 96 > training loss: 0.0142, training acc: 0.7334, val loss: 0.0141, val acc: 0.7600, duration: 139.1984
2024-04-09 21:17:58,186 - INFO - Epoch 97 > training loss: 0.0142, training acc: 0.7394, val loss: 0.0140, val acc: 0.7400, duration: 139.1811
2024-04-09 21:20:17,291 - INFO - Epoch 98 > training loss: 0.0136, training acc: 0.7465, val loss: 0.0148, val acc: 0.7340, duration: 139.1050
2024-04-09 21:22:36,346 - INFO - Epoch 99 > training loss: 0.0130, training acc: 0.7570, val loss: 0.0136, val acc: 0.7640, duration: 139.0543
2024-04-09 21:24:55,474 - INFO - Epoch 100 > training loss: 0.0131, training acc: 0.7619, val loss: 0.0146, val acc: 0.7560, duration: 139.1281
2024-04-09 21:24:56,107 - INFO - > Save the model weight at ./weight/vgg19_100.pt
2024-04-09 21:24:57,157 - INFO - > Save the best model weight in epoch 100 - val_acc: 0.7560
2024-04-09 21:24:57,252 - INFO - > Save the plot of the accuracy in ./log/vgg19_epoch100_acc.png
2024-04-09 21:24:59,159 - INFO - > Save the checkpoint in ./checkpoint/vgg19_epoch100.ckpt
2024-04-09 21:24:59,159 - INFO - Total training time: 13966.0683
